{"numFailedTestSuites":0,"numFailedTests":0,"numPassedTestSuites":5,"numPassedTests":28,"numPendingTestSuites":0,"numPendingTests":0,"numRuntimeErrorTestSuites":0,"numTodoTests":0,"numTotalTestSuites":5,"numTotalTests":28,"openHandles":[],"snapshot":{"added":0,"didUpdate":false,"failure":false,"filesAdded":0,"filesRemoved":0,"filesRemovedList":[],"filesUnmatched":0,"filesUpdated":0,"matched":0,"total":0,"unchecked":0,"uncheckedKeysByFile":[],"unmatched":0,"updated":0},"startTime":1779306354668,"success":true,"testResults":[{"assertionResults":[{"ancestorTitles":["TicketsController"],"duration":22,"failureDetails":[],"failureMessages":[],"fullName":"TicketsController should be defined","invocations":1,"location":null,"numPassingAsserts":1,"retryReasons":[],"status":"passed","title":"should be defined"},{"ancestorTitles":["TicketsController","POST /tickets (create)"],"duration":7,"failureDetails":[],"failureMessages":[],"fullName":"TicketsController POST /tickets (create) should invoke service.create and return status 200 per specification rules","invocations":1,"location":null,"numPassingAsserts":2,"retryReasons":[],"status":"passed","title":"should invoke service.create and return status 200 per specification rules"},{"ancestorTitles":["TicketsController","GET /tickets (findAll)"],"duration":3,"failureDetails":[],"failureMessages":[],"fullName":"TicketsController GET /tickets (findAll) should invoke service.findAll using the mandatory projectId query argument","invocations":1,"location":null,"numPassingAsserts":2,"retryReasons":[],"status":"passed","title":"should invoke service.findAll using the mandatory projectId query argument"},{"ancestorTitles":["TicketsController","GET /tickets/:ticketId (findOne)"],"duration":2,"failureDetails":[],"failureMessages":[],"fullName":"TicketsController GET /tickets/:ticketId (findOne) should return a single ticket entity matching the provided parameter ID","invocations":1,"location":null,"numPassingAsserts":2,"retryReasons":[],"status":"passed","title":"should return a single ticket entity matching the provided parameter ID"},{"ancestorTitles":["TicketsController","PATCH /tickets/:ticketId (update)"],"duration":2,"failureDetails":[],"failureMessages":[],"fullName":"TicketsController PATCH /tickets/:ticketId (update) should update entity fields and forward state modifications smoothly","invocations":1,"location":null,"numPassingAsserts":2,"retryReasons":[],"status":"passed","title":"should update entity fields and forward state modifications smoothly"},{"ancestorTitles":["TicketsController","DELETE /tickets/:ticketId (remove)"],"duration":3,"failureDetails":[],"failureMessages":[],"fullName":"TicketsController DELETE /tickets/:ticketId (remove) should execute deletion handler and implicitly pass down 200 execution signals","invocations":1,"location":null,"numPassingAsserts":2,"retryReasons":[],"status":"passed","title":"should execute deletion handler and implicitly pass down 200 execution signals"}],"endTime":1779306363128,"message":"","name":"C:\\Users\\evyat\\Desktop\\university\\ATT\\project\\issueflow-typescript\\src\\tickets\\tickets.controller.spec.ts","startTime":1779306355199,"status":"passed","summary":""},{"assertionResults":[{"ancestorTitles":["TicketAttachmentsController"],"duration":7,"failureDetails":[],"failureMessages":[],"fullName":"TicketAttachmentsController should be defined","invocations":1,"location":null,"numPassingAsserts":1,"retryReasons":[],"status":"passed","title":"should be defined"},{"ancestorTitles":["TicketAttachmentsController"],"duration":3,"failureDetails":[],"failureMessages":[],"fullName":"TicketAttachmentsController should upload attachment and return metadata","invocations":1,"location":null,"numPassingAsserts":2,"retryReasons":[],"status":"passed","title":"should upload attachment and return metadata"},{"ancestorTitles":["TicketAttachmentsController"],"duration":5,"failureDetails":[],"failureMessages":[],"fullName":"TicketAttachmentsController should delete attachment and return undefined","invocations":1,"location":null,"numPassingAsserts":2,"retryReasons":[],"status":"passed","title":"should delete attachment and return undefined"},{"ancestorTitles":["TicketAttachmentsController"],"duration":3,"failureDetails":[],"failureMessages":[],"fullName":"TicketAttachmentsController should declare file upload route metadata as HTTP 200","invocations":1,"location":null,"numPassingAsserts":2,"retryReasons":[],"status":"passed","title":"should declare file upload route metadata as HTTP 200"},{"ancestorTitles":["TicketAttachmentsController"],"duration":15,"failureDetails":[],"failureMessages":[],"fullName":"TicketAttachmentsController should reject a file larger than 10MB in the ParseFilePipe","invocations":1,"location":null,"numPassingAsserts":1,"retryReasons":[],"status":"passed","title":"should reject a file larger than 10MB in the ParseFilePipe"}],"endTime":1779306364210,"message":"","name":"C:\\Users\\evyat\\Desktop\\university\\ATT\\project\\issueflow-typescript\\src\\tickets\\attachments\\ticket-attachments.controller.spec.ts","startTime":1779306363167,"status":"passed","summary":""},{"assertionResults":[{"ancestorTitles":["TicketDependenciesController"],"duration":6,"failureDetails":[],"failureMessages":[],"fullName":"TicketDependenciesController should be defined","invocations":1,"location":null,"numPassingAsserts":1,"retryReasons":[],"status":"passed","title":"should be defined"},{"ancestorTitles":["TicketDependenciesController"],"duration":3,"failureDetails":[],"failureMessages":[],"fullName":"TicketDependenciesController should add a dependency and return blockedBy tickets","invocations":1,"location":null,"numPassingAsserts":2,"retryReasons":[],"status":"passed","title":"should add a dependency and return blockedBy tickets"},{"ancestorTitles":["TicketDependenciesController"],"duration":16,"failureDetails":[],"failureMessages":[],"fullName":"TicketDependenciesController should return blockedBy tickets","invocations":1,"location":null,"numPassingAsserts":2,"retryReasons":[],"status":"passed","title":"should return blockedBy tickets"},{"ancestorTitles":["TicketDependenciesController"],"duration":4,"failureDetails":[],"failureMessages":[],"fullName":"TicketDependenciesController should remove a dependency and return blockedBy tickets","invocations":1,"location":null,"numPassingAsserts":2,"retryReasons":[],"status":"passed","title":"should remove a dependency and return blockedBy tickets"},{"ancestorTitles":["TicketDependenciesController"],"duration":2,"failureDetails":[],"failureMessages":[],"fullName":"TicketDependenciesController should use HTTP 200 for all dependency endpoints","invocations":1,"location":null,"numPassingAsserts":3,"retryReasons":[],"status":"passed","title":"should use HTTP 200 for all dependency endpoints"}],"endTime":1779306365230,"message":"","name":"C:\\Users\\evyat\\Desktop\\university\\ATT\\project\\issueflow-typescript\\src\\tickets\\dependencies\\ticket-dependencies.controller.spec.ts","startTime":1779306364230,"status":"passed","summary":""},{"assertionResults":[{"ancestorTitles":["TicketAttachmentsService"],"duration":4,"failureDetails":[],"failureMessages":[],"fullName":"TicketAttachmentsService should be defined","invocations":1,"location":null,"numPassingAsserts":1,"retryReasons":[],"status":"passed","title":"should be defined"},{"ancestorTitles":["TicketAttachmentsService","uploadAttachment"],"duration":7,"failureDetails":[],"failureMessages":[],"fullName":"TicketAttachmentsService uploadAttachment should save attachment metadata and return payload","invocations":1,"location":null,"numPassingAsserts":3,"retryReasons":[],"status":"passed","title":"should save attachment metadata and return payload"},{"ancestorTitles":["TicketAttachmentsService","deleteAttachment"],"duration":1,"failureDetails":[],"failureMessages":[],"fullName":"TicketAttachmentsService deleteAttachment should remove the attachment for the ticket","invocations":1,"location":null,"numPassingAsserts":2,"retryReasons":[],"status":"passed","title":"should remove the attachment for the ticket"}],"endTime":1779306365851,"message":"","name":"C:\\Users\\evyat\\Desktop\\university\\ATT\\project\\issueflow-typescript\\src\\tickets\\attachments\\ticket-attachments.service.spec.ts","startTime":1779306365268,"status":"passed","summary":""},{"assertionResults":[{"ancestorTitles":["TicketsService"],"duration":10,"failureDetails":[],"failureMessages":[],"fullName":"TicketsService should be defined","invocations":1,"location":null,"numPassingAsserts":1,"retryReasons":[],"status":"passed","title":"should be defined"},{"ancestorTitles":["TicketsService","create"],"duration":5,"failureDetails":[],"failureMessages":[],"fullName":"TicketsService create should successfully create a ticket","invocations":1,"location":null,"numPassingAsserts":3,"retryReasons":[],"status":"passed","title":"should successfully create a ticket"},{"ancestorTitles":["TicketsService","findAll"],"duration":5,"failureDetails":[],"failureMessages":[],"fullName":"TicketsService findAll should return active tickets for a specific project","invocations":1,"location":null,"numPassingAsserts":1,"retryReasons":[],"status":"passed","title":"should return active tickets for a specific project"},{"ancestorTitles":["TicketsService","Status Transitions & Guardrails"],"duration":4,"failureDetails":[],"failureMessages":[],"fullName":"TicketsService Status Transitions & Guardrails should allow valid forward status transitions","invocations":1,"location":null,"numPassingAsserts":1,"retryReasons":[],"status":"passed","title":"should allow valid forward status transitions"},{"ancestorTitles":["TicketsService","Status Transitions & Guardrails"],"duration":21,"failureDetails":[],"failureMessages":[],"fullName":"TicketsService Status Transitions & Guardrails should reject backward status transitions with BadRequestException","invocations":1,"location":null,"numPassingAsserts":1,"retryReasons":[],"status":"passed","title":"should reject backward status transitions with BadRequestException"},{"ancestorTitles":["TicketsService","Status Transitions & Guardrails"],"duration":4,"failureDetails":[],"failureMessages":[],"fullName":"TicketsService Status Transitions & Guardrails should explicitly block modifications if the ticket status is already DONE","invocations":1,"location":null,"numPassingAsserts":1,"retryReasons":[],"status":"passed","title":"should explicitly block modifications if the ticket status is already DONE"},{"ancestorTitles":["TicketsService","Status Transitions & Guardrails"],"duration":7,"failureDetails":[],"failureMessages":[],"fullName":"TicketsService Status Transitions & Guardrails should reject transition to DONE when there is an unresolved blocker","invocations":1,"location":null,"numPassingAsserts":1,"retryReasons":[],"status":"passed","title":"should reject transition to DONE when there is an unresolved blocker"},{"ancestorTitles":["TicketsService","Optimistic Locking (Concurrency Control)"],"duration":5,"failureDetails":[],"failureMessages":[],"fullName":"TicketsService Optimistic Locking (Concurrency Control) should fail gracefully when a concurrent version mismatch occurs","invocations":1,"location":null,"numPassingAsserts":1,"retryReasons":[],"status":"passed","title":"should fail gracefully when a concurrent version mismatch occurs"},{"ancestorTitles":["TicketsService","Soft Deletion"],"duration":5,"failureDetails":[],"failureMessages":[],"fullName":"TicketsService Soft Deletion should perform a soft-delete by setting flags and log timestamps","invocations":1,"location":null,"numPassingAsserts":1,"retryReasons":[],"status":"passed","title":"should perform a soft-delete by setting flags and log timestamps"}],"endTime":1779306366543,"message":"","name":"C:\\Users\\evyat\\Desktop\\university\\ATT\\project\\issueflow-typescript\\src\\tickets\\tickets.service.spec.ts","startTime":1779306365879,"status":"passed","summary":""}],"wasInterrupted":false}
